\BOOKMARK [0][-]{chapter.1}{\376\377\0001\000\040\000D\000a\000t\000a\000\040\000S\000t\000r\000u\000c\000t\000u\000r\000e\000\040\000I\000n\000d\000e\000x}{}% 1
\BOOKMARK [1][-]{section.1.1}{\376\377\0001\000.\0001\000\040\000D\000a\000t\000a\000\040\000S\000t\000r\000u\000c\000t\000u\000r\000e\000s}{chapter.1}% 2
\BOOKMARK [0][-]{chapter.2}{\376\377\0002\000\040\000F\000i\000l\000e\000\040\000I\000n\000d\000e\000x}{}% 3
\BOOKMARK [1][-]{section.2.1}{\376\377\0002\000.\0001\000\040\000F\000i\000l\000e\000\040\000L\000i\000s\000t}{chapter.2}% 4
\BOOKMARK [0][-]{chapter.3}{\376\377\0003\000\040\000D\000a\000t\000a\000\040\000S\000t\000r\000u\000c\000t\000u\000r\000e\000\040\000D\000o\000c\000u\000m\000e\000n\000t\000a\000t\000i\000o\000n}{}% 5
\BOOKMARK [1][-]{section.3.1}{\376\377\0003\000.\0001\000\040\000o\000b\000s\000w\000s\000\137\000c\000o\000n\000f\000i\000g\000\137\000t\000\040\000S\000t\000r\000u\000c\000t\000\040\000R\000e\000f\000e\000r\000e\000n\000c\000e}{chapter.3}% 6
\BOOKMARK [2][-]{subsection.3.1.1}{\376\377\0003\000.\0001\000.\0001\000\040\000D\000e\000t\000a\000i\000l\000e\000d\000\040\000D\000e\000s\000c\000r\000i\000p\000t\000i\000o\000n}{section.3.1}% 7
\BOOKMARK [2][-]{subsection.3.1.2}{\376\377\0003\000.\0001\000.\0002\000\040\000F\000i\000e\000l\000d\000\040\000D\000o\000c\000u\000m\000e\000n\000t\000a\000t\000i\000o\000n}{section.3.1}% 8
\BOOKMARK [3][-]{subsubsection.3.1.2.1}{\376\377\0003\000.\0001\000.\0002\000.\0001\000\040\000a\000u\000t\000o\000\137\000r\000e\000c\000o\000n\000n\000e\000c\000t}{subsection.3.1.2}% 9
\BOOKMARK [3][-]{subsubsection.3.1.2.2}{\376\377\0003\000.\0001\000.\0002\000.\0002\000\040\000c\000o\000n\000n\000e\000c\000t\000\137\000t\000i\000m\000e\000o\000u\000t\000\137\000m\000s}{subsection.3.1.2}% 10
\BOOKMARK [3][-]{subsubsection.3.1.2.3}{\376\377\0003\000.\0001\000.\0002\000.\0003\000\040\000e\000v\000e\000n\000t\000\137\000c\000a\000l\000l\000b\000a\000c\000k}{subsection.3.1.2}% 11
\BOOKMARK [3][-]{subsubsection.3.1.2.4}{\376\377\0003\000.\0001\000.\0002\000.\0004\000\040\000h\000o\000s\000t}{subsection.3.1.2}% 12
\BOOKMARK [3][-]{subsubsection.3.1.2.5}{\376\377\0003\000.\0001\000.\0002\000.\0005\000\040\000l\000o\000g\000\137\000c\000a\000l\000l\000b\000a\000c\000k}{subsection.3.1.2}% 13
\BOOKMARK [3][-]{subsubsection.3.1.2.6}{\376\377\0003\000.\0001\000.\0002\000.\0006\000\040\000m\000a\000x\000\137\000r\000e\000c\000o\000n\000n\000e\000c\000t\000\137\000a\000t\000t\000e\000m\000p\000t\000s}{subsection.3.1.2}% 14
\BOOKMARK [3][-]{subsubsection.3.1.2.7}{\376\377\0003\000.\0001\000.\0002\000.\0007\000\040\000m\000a\000x\000\137\000r\000e\000c\000o\000n\000n\000e\000c\000t\000\137\000d\000e\000l\000a\000y\000\137\000m\000s}{subsection.3.1.2}% 15
\BOOKMARK [3][-]{subsubsection.3.1.2.8}{\376\377\0003\000.\0001\000.\0002\000.\0008\000\040\000p\000a\000s\000s\000w\000o\000r\000d}{subsection.3.1.2}% 16
\BOOKMARK [3][-]{subsubsection.3.1.2.9}{\376\377\0003\000.\0001\000.\0002\000.\0009\000\040\000p\000i\000n\000g\000\137\000i\000n\000t\000e\000r\000v\000a\000l\000\137\000m\000s}{subsection.3.1.2}% 17
\BOOKMARK [3][-]{subsubsection.3.1.2.10}{\376\377\0003\000.\0001\000.\0002\000.\0001\0000\000\040\000p\000i\000n\000g\000\137\000t\000i\000m\000e\000o\000u\000t\000\137\000m\000s}{subsection.3.1.2}% 18
\BOOKMARK [3][-]{subsubsection.3.1.2.11}{\376\377\0003\000.\0001\000.\0002\000.\0001\0001\000\040\000p\000o\000r\000t}{subsection.3.1.2}% 19
\BOOKMARK [3][-]{subsubsection.3.1.2.12}{\376\377\0003\000.\0001\000.\0002\000.\0001\0002\000\040\000r\000e\000c\000o\000n\000n\000e\000c\000t\000\137\000d\000e\000l\000a\000y\000\137\000m\000s}{subsection.3.1.2}% 20
\BOOKMARK [3][-]{subsubsection.3.1.2.13}{\376\377\0003\000.\0001\000.\0002\000.\0001\0003\000\040\000r\000e\000c\000v\000\137\000t\000i\000m\000e\000o\000u\000t\000\137\000m\000s}{subsection.3.1.2}% 21
\BOOKMARK [3][-]{subsubsection.3.1.2.14}{\376\377\0003\000.\0001\000.\0002\000.\0001\0004\000\040\000s\000e\000n\000d\000\137\000t\000i\000m\000e\000o\000u\000t\000\137\000m\000s}{subsection.3.1.2}% 22
\BOOKMARK [3][-]{subsubsection.3.1.2.15}{\376\377\0003\000.\0001\000.\0002\000.\0001\0005\000\040\000s\000t\000a\000t\000e\000\137\000c\000a\000l\000l\000b\000a\000c\000k}{subsection.3.1.2}% 23
\BOOKMARK [3][-]{subsubsection.3.1.2.16}{\376\377\0003\000.\0001\000.\0002\000.\0001\0006\000\040\000u\000s\000e\000\137\000s\000s\000l}{subsection.3.1.2}% 24
\BOOKMARK [3][-]{subsubsection.3.1.2.17}{\376\377\0003\000.\0001\000.\0002\000.\0001\0007\000\040\000u\000s\000e\000r\000\137\000d\000a\000t\000a}{subsection.3.1.2}% 25
\BOOKMARK [1][-]{section.3.2}{\376\377\0003\000.\0002\000\040\000o\000b\000s\000w\000s\000\137\000c\000o\000n\000n\000e\000c\000t\000i\000o\000n\000\040\000S\000t\000r\000u\000c\000t\000\040\000R\000e\000f\000e\000r\000e\000n\000c\000e}{chapter.3}% 26
\BOOKMARK [2][-]{subsection.3.2.1}{\376\377\0003\000.\0002\000.\0001\000\040\000D\000e\000t\000a\000i\000l\000e\000d\000\040\000D\000e\000s\000c\000r\000i\000p\000t\000i\000o\000n}{section.3.2}% 27
\BOOKMARK [2][-]{subsection.3.2.2}{\376\377\0003\000.\0002\000.\0002\000\040\000F\000i\000e\000l\000d\000\040\000D\000o\000c\000u\000m\000e\000n\000t\000a\000t\000i\000o\000n}{section.3.2}% 28
\BOOKMARK [3][-]{subsubsection.3.2.2.1}{\376\377\0003\000.\0002\000.\0002\000.\0001\000\040\000a\000u\000t\000h\000\137\000r\000e\000q\000u\000i\000r\000e\000d}{subsection.3.2.2}% 29
\BOOKMARK [3][-]{subsubsection.3.2.2.2}{\376\377\0003\000.\0002\000.\0002\000.\0002\000\040\000c\000h\000a\000l\000l\000e\000n\000g\000e}{subsection.3.2.2}% 30
\BOOKMARK [3][-]{subsubsection.3.2.2.3}{\376\377\0003\000.\0002\000.\0002\000.\0003\000\040\000c\000o\000n\000f\000i\000g}{subsection.3.2.2}% 31
\BOOKMARK [3][-]{subsubsection.3.2.2.4}{\376\377\0003\000.\0002\000.\0002\000.\0004\000\040\000c\000u\000r\000r\000e\000n\000t\000\137\000r\000e\000c\000o\000n\000n\000e\000c\000t\000\137\000d\000e\000l\000a\000y}{subsection.3.2.2}% 32
\BOOKMARK [3][-]{subsubsection.3.2.2.5}{\376\377\0003\000.\0002\000.\0002\000.\0005\000\040\000c\000u\000r\000r\000e\000n\000t\000\137\000s\000c\000e\000n\000e}{subsection.3.2.2}% 33
\BOOKMARK [3][-]{subsubsection.3.2.2.6}{\376\377\0003\000.\0002\000.\0002\000.\0006\000\040\000e\000v\000e\000n\000t\000\137\000t\000h\000r\000e\000a\000d}{subsection.3.2.2}% 34
\BOOKMARK [3][-]{subsubsection.3.2.2.7}{\376\377\0003\000.\0002\000.\0002\000.\0007\000\040\000l\000a\000s\000t\000\137\000p\000i\000n\000g\000\137\000s\000e\000n\000t}{subsection.3.2.2}% 35
\BOOKMARK [3][-]{subsubsection.3.2.2.8}{\376\377\0003\000.\0002\000.\0002\000.\0008\000\040\000l\000a\000s\000t\000\137\000p\000o\000n\000g\000\137\000r\000e\000c\000e\000i\000v\000e\000d}{subsection.3.2.2}% 36
\BOOKMARK [3][-]{subsubsection.3.2.2.9}{\376\377\0003\000.\0002\000.\0002\000.\0009\000\040\000l\000w\000s\000\137\000c\000o\000n\000t\000e\000x\000t}{subsection.3.2.2}% 37
\BOOKMARK [3][-]{subsubsection.3.2.2.10}{\376\377\0003\000.\0002\000.\0002\000.\0001\0000\000\040\000p\000e\000n\000d\000i\000n\000g\000\137\000r\000e\000q\000u\000e\000s\000t\000s}{subsection.3.2.2}% 38
\BOOKMARK [3][-]{subsubsection.3.2.2.11}{\376\377\0003\000.\0002\000.\0002\000.\0001\0001\000\040\000r\000e\000c\000o\000n\000n\000e\000c\000t\000\137\000a\000t\000t\000e\000m\000p\000t\000s}{subsection.3.2.2}% 39
\BOOKMARK [3][-]{subsubsection.3.2.2.12}{\376\377\0003\000.\0002\000.\0002\000.\0001\0002\000\040\000r\000e\000c\000v\000\137\000b\000u\000f\000f\000e\000r}{subsection.3.2.2}% 40
\BOOKMARK [3][-]{subsubsection.3.2.2.13}{\376\377\0003\000.\0002\000.\0002\000.\0001\0003\000\040\000r\000e\000c\000v\000\137\000b\000u\000f\000f\000e\000r\000\137\000s\000i\000z\000e}{subsection.3.2.2}% 41
\BOOKMARK [3][-]{subsubsection.3.2.2.14}{\376\377\0003\000.\0002\000.\0002\000.\0001\0004\000\040\000r\000e\000c\000v\000\137\000b\000u\000f\000f\000e\000r\000\137\000u\000s\000e\000d}{subsection.3.2.2}% 42
\BOOKMARK [3][-]{subsubsection.3.2.2.15}{\376\377\0003\000.\0002\000.\0002\000.\0001\0005\000\040\000r\000e\000q\000u\000e\000s\000t\000s\000\137\000m\000u\000t\000e\000x}{subsection.3.2.2}% 43
\BOOKMARK [3][-]{subsubsection.3.2.2.16}{\376\377\0003\000.\0002\000.\0002\000.\0001\0006\000\040\000s\000a\000l\000t}{subsection.3.2.2}% 44
\BOOKMARK [3][-]{subsubsection.3.2.2.17}{\376\377\0003\000.\0002\000.\0002\000.\0001\0007\000\040\000s\000c\000e\000n\000e\000\137\000m\000u\000t\000e\000x}{subsection.3.2.2}% 45
\BOOKMARK [3][-]{subsubsection.3.2.2.18}{\376\377\0003\000.\0002\000.\0002\000.\0001\0008\000\040\000s\000e\000n\000d\000\137\000b\000u\000f\000f\000e\000r}{subsection.3.2.2}% 46
\BOOKMARK [3][-]{subsubsection.3.2.2.19}{\376\377\0003\000.\0002\000.\0002\000.\0001\0009\000\040\000s\000e\000n\000d\000\137\000b\000u\000f\000f\000e\000r\000\137\000s\000i\000z\000e}{subsection.3.2.2}% 47
\BOOKMARK [3][-]{subsubsection.3.2.2.20}{\376\377\0003\000.\0002\000.\0002\000.\0002\0000\000\040\000s\000e\000n\000d\000\137\000m\000u\000t\000e\000x}{subsection.3.2.2}% 48
\BOOKMARK [3][-]{subsubsection.3.2.2.21}{\376\377\0003\000.\0002\000.\0002\000.\0002\0001\000\040\000s\000h\000o\000u\000l\000d\000\137\000e\000x\000i\000t}{subsection.3.2.2}% 49
\BOOKMARK [3][-]{subsubsection.3.2.2.22}{\376\377\0003\000.\0002\000.\0002\000.\0002\0002\000\040\000s\000t\000a\000t\000e}{subsection.3.2.2}% 50
\BOOKMARK [3][-]{subsubsection.3.2.2.23}{\376\377\0003\000.\0002\000.\0002\000.\0002\0003\000\040\000s\000t\000a\000t\000e\000\137\000m\000u\000t\000e\000x}{subsection.3.2.2}% 51
\BOOKMARK [3][-]{subsubsection.3.2.2.24}{\376\377\0003\000.\0002\000.\0002\000.\0002\0004\000\040\000s\000t\000a\000t\000s}{subsection.3.2.2}% 52
\BOOKMARK [3][-]{subsubsection.3.2.2.25}{\376\377\0003\000.\0002\000.\0002\000.\0002\0005\000\040\000s\000t\000a\000t\000s\000\137\000m\000u\000t\000e\000x}{subsection.3.2.2}% 53
\BOOKMARK [3][-]{subsubsection.3.2.2.26}{\376\377\0003\000.\0002\000.\0002\000.\0002\0006\000\040\000t\000h\000r\000e\000a\000d\000\137\000r\000u\000n\000n\000i\000n\000g}{subsection.3.2.2}% 54
\BOOKMARK [3][-]{subsubsection.3.2.2.27}{\376\377\0003\000.\0002\000.\0002\000.\0002\0007\000\040\000w\000s\000i}{subsection.3.2.2}% 55
\BOOKMARK [1][-]{section.3.3}{\376\377\0003\000.\0003\000\040\000o\000b\000s\000w\000s\000\137\000l\000o\000g\000\137\000c\000o\000n\000t\000e\000x\000t\000\137\000t\000\040\000S\000t\000r\000u\000c\000t\000\040\000R\000e\000f\000e\000r\000e\000n\000c\000e}{chapter.3}% 56
\BOOKMARK [2][-]{subsection.3.3.1}{\376\377\0003\000.\0003\000.\0001\000\040\000D\000e\000t\000a\000i\000l\000e\000d\000\040\000D\000e\000s\000c\000r\000i\000p\000t\000i\000o\000n}{section.3.3}% 57
\BOOKMARK [2][-]{subsection.3.3.2}{\376\377\0003\000.\0003\000.\0002\000\040\000F\000i\000e\000l\000d\000\040\000D\000o\000c\000u\000m\000e\000n\000t\000a\000t\000i\000o\000n}{section.3.3}% 58
\BOOKMARK [3][-]{subsubsection.3.3.2.1}{\376\377\0003\000.\0003\000.\0002\000.\0001\000\040\000c\000o\000l\000o\000r\000\137\000m\000o\000d\000e}{subsection.3.3.2}% 59
\BOOKMARK [3][-]{subsubsection.3.3.2.2}{\376\377\0003\000.\0003\000.\0002\000.\0002\000\040\000c\000u\000r\000r\000e\000n\000t\000\137\000f\000i\000l\000e}{subsection.3.3.2}% 60
\BOOKMARK [3][-]{subsubsection.3.3.2.3}{\376\377\0003\000.\0003\000.\0002\000.\0003\000\040\000c\000u\000r\000r\000e\000n\000t\000\137\000f\000i\000l\000e\000\137\000d\000a\000t\000e}{subsection.3.3.2}% 61
\BOOKMARK [3][-]{subsubsection.3.3.2.4}{\376\377\0003\000.\0003\000.\0002\000.\0004\000\040\000c\000u\000r\000r\000e\000n\000t\000\137\000f\000i\000l\000e\000n\000a\000m\000e}{subsection.3.3.2}% 62
\BOOKMARK [3][-]{subsubsection.3.3.2.5}{\376\377\0003\000.\0003\000.\0002\000.\0005\000\040\000e\000n\000a\000b\000l\000e\000d}{subsection.3.3.2}% 63
\BOOKMARK [3][-]{subsubsection.3.3.2.6}{\376\377\0003\000.\0003\000.\0002\000.\0006\000\040\000i\000s\000\137\000t\000t\000y}{subsection.3.3.2}% 64
\BOOKMARK [3][-]{subsubsection.3.3.2.7}{\376\377\0003\000.\0003\000.\0002\000.\0007\000\040\000l\000a\000s\000t\000\137\000r\000o\000t\000a\000t\000i\000o\000n\000\137\000c\000h\000e\000c\000k}{subsection.3.3.2}% 65
\BOOKMARK [3][-]{subsubsection.3.3.2.8}{\376\377\0003\000.\0003\000.\0002\000.\0008\000\040\000l\000o\000g\000\137\000d\000i\000r\000e\000c\000t\000o\000r\000y}{subsection.3.3.2}% 66
\BOOKMARK [3][-]{subsubsection.3.3.2.9}{\376\377\0003\000.\0003\000.\0002\000.\0009\000\040\000m\000a\000x\000\137\000f\000i\000l\000e\000\137\000s\000i\000z\000e}{subsection.3.3.2}% 67
\BOOKMARK [3][-]{subsubsection.3.3.2.10}{\376\377\0003\000.\0003\000.\0002\000.\0001\0000\000\040\000m\000u\000t\000e\000x}{subsection.3.3.2}% 68
\BOOKMARK [3][-]{subsubsection.3.3.2.11}{\376\377\0003\000.\0003\000.\0002\000.\0001\0001\000\040\000r\000o\000t\000a\000t\000i\000o\000n\000\137\000h\000o\000u\000r}{subsection.3.3.2}% 69
\BOOKMARK [3][-]{subsubsection.3.3.2.12}{\376\377\0003\000.\0003\000.\0002\000.\0001\0002\000\040\000u\000s\000e\000\137\000t\000i\000m\000e\000s\000t\000a\000m\000p\000s}{subsection.3.3.2}% 70
\BOOKMARK [1][-]{section.3.4}{\376\377\0003\000.\0004\000\040\000o\000b\000s\000w\000s\000\137\000r\000e\000s\000p\000o\000n\000s\000e\000\137\000t\000\040\000S\000t\000r\000u\000c\000t\000\040\000R\000e\000f\000e\000r\000e\000n\000c\000e}{chapter.3}% 71
\BOOKMARK [2][-]{subsection.3.4.1}{\376\377\0003\000.\0004\000.\0001\000\040\000D\000e\000t\000a\000i\000l\000e\000d\000\040\000D\000e\000s\000c\000r\000i\000p\000t\000i\000o\000n}{section.3.4}% 72
\BOOKMARK [2][-]{subsection.3.4.2}{\376\377\0003\000.\0004\000.\0002\000\040\000F\000i\000e\000l\000d\000\040\000D\000o\000c\000u\000m\000e\000n\000t\000a\000t\000i\000o\000n}{section.3.4}% 73
\BOOKMARK [3][-]{subsubsection.3.4.2.1}{\376\377\0003\000.\0004\000.\0002\000.\0001\000\040\000e\000r\000r\000o\000r\000\137\000m\000e\000s\000s\000a\000g\000e}{subsection.3.4.2}% 74
\BOOKMARK [3][-]{subsubsection.3.4.2.2}{\376\377\0003\000.\0004\000.\0002\000.\0002\000\040\000r\000e\000s\000p\000o\000n\000s\000e\000\137\000d\000a\000t\000a}{subsection.3.4.2}% 75
\BOOKMARK [3][-]{subsubsection.3.4.2.3}{\376\377\0003\000.\0004\000.\0002\000.\0003\000\040\000s\000t\000a\000t\000u\000s\000\137\000c\000o\000d\000e}{subsection.3.4.2}% 76
\BOOKMARK [3][-]{subsubsection.3.4.2.4}{\376\377\0003\000.\0004\000.\0002\000.\0004\000\040\000s\000u\000c\000c\000e\000s\000s}{subsection.3.4.2}% 77
\BOOKMARK [1][-]{section.3.5}{\376\377\0003\000.\0005\000\040\000o\000b\000s\000w\000s\000\137\000s\000t\000a\000t\000s\000\137\000t\000\040\000S\000t\000r\000u\000c\000t\000\040\000R\000e\000f\000e\000r\000e\000n\000c\000e}{chapter.3}% 78
\BOOKMARK [2][-]{subsection.3.5.1}{\376\377\0003\000.\0005\000.\0001\000\040\000D\000e\000t\000a\000i\000l\000e\000d\000\040\000D\000e\000s\000c\000r\000i\000p\000t\000i\000o\000n}{section.3.5}% 79
\BOOKMARK [2][-]{subsection.3.5.2}{\376\377\0003\000.\0005\000.\0002\000\040\000F\000i\000e\000l\000d\000\040\000D\000o\000c\000u\000m\000e\000n\000t\000a\000t\000i\000o\000n}{section.3.5}% 80
\BOOKMARK [3][-]{subsubsection.3.5.2.1}{\376\377\0003\000.\0005\000.\0002\000.\0001\000\040\000b\000y\000t\000e\000s\000\137\000r\000e\000c\000e\000i\000v\000e\000d}{subsection.3.5.2}% 81
\BOOKMARK [3][-]{subsubsection.3.5.2.2}{\376\377\0003\000.\0005\000.\0002\000.\0002\000\040\000b\000y\000t\000e\000s\000\137\000s\000e\000n\000t}{subsection.3.5.2}% 82
\BOOKMARK [3][-]{subsubsection.3.5.2.3}{\376\377\0003\000.\0005\000.\0002\000.\0003\000\040\000c\000o\000n\000n\000e\000c\000t\000e\000d\000\137\000s\000i\000n\000c\000e}{subsection.3.5.2}% 83
\BOOKMARK [3][-]{subsubsection.3.5.2.4}{\376\377\0003\000.\0005\000.\0002\000.\0004\000\040\000e\000r\000r\000o\000r\000\137\000c\000o\000u\000n\000t}{subsection.3.5.2}% 84
\BOOKMARK [3][-]{subsubsection.3.5.2.5}{\376\377\0003\000.\0005\000.\0002\000.\0005\000\040\000l\000a\000s\000t\000\137\000p\000i\000n\000g\000\137\000m\000s}{subsection.3.5.2}% 85
\BOOKMARK [3][-]{subsubsection.3.5.2.6}{\376\377\0003\000.\0005\000.\0002\000.\0006\000\040\000m\000e\000s\000s\000a\000g\000e\000s\000\137\000r\000e\000c\000e\000i\000v\000e\000d}{subsection.3.5.2}% 86
\BOOKMARK [3][-]{subsubsection.3.5.2.7}{\376\377\0003\000.\0005\000.\0002\000.\0007\000\040\000m\000e\000s\000s\000a\000g\000e\000s\000\137\000s\000e\000n\000t}{subsection.3.5.2}% 87
\BOOKMARK [3][-]{subsubsection.3.5.2.8}{\376\377\0003\000.\0005\000.\0002\000.\0008\000\040\000r\000e\000c\000o\000n\000n\000e\000c\000t\000\137\000c\000o\000u\000n\000t}{subsection.3.5.2}% 88
\BOOKMARK [1][-]{section.3.6}{\376\377\0003\000.\0006\000\040\000p\000e\000n\000d\000i\000n\000g\000\137\000r\000e\000q\000u\000e\000s\000t\000\040\000S\000t\000r\000u\000c\000t\000\040\000R\000e\000f\000e\000r\000e\000n\000c\000e}{chapter.3}% 89
\BOOKMARK [2][-]{subsection.3.6.1}{\376\377\0003\000.\0006\000.\0001\000\040\000D\000e\000t\000a\000i\000l\000e\000d\000\040\000D\000e\000s\000c\000r\000i\000p\000t\000i\000o\000n}{section.3.6}% 90
\BOOKMARK [2][-]{subsection.3.6.2}{\376\377\0003\000.\0006\000.\0002\000\040\000F\000i\000e\000l\000d\000\040\000D\000o\000c\000u\000m\000e\000n\000t\000a\000t\000i\000o\000n}{section.3.6}% 91
\BOOKMARK [3][-]{subsubsection.3.6.2.1}{\376\377\0003\000.\0006\000.\0002\000.\0001\000\040\000c\000o\000m\000p\000l\000e\000t\000e\000d}{subsection.3.6.2}% 92
\BOOKMARK [3][-]{subsubsection.3.6.2.2}{\376\377\0003\000.\0006\000.\0002\000.\0002\000\040\000c\000o\000n\000d}{subsection.3.6.2}% 93
\BOOKMARK [3][-]{subsubsection.3.6.2.3}{\376\377\0003\000.\0006\000.\0002\000.\0003\000\040\000m\000u\000t\000e\000x}{subsection.3.6.2}% 94
\BOOKMARK [3][-]{subsubsection.3.6.2.4}{\376\377\0003\000.\0006\000.\0002\000.\0004\000\040\000n\000e\000x\000t}{subsection.3.6.2}% 95
\BOOKMARK [3][-]{subsubsection.3.6.2.5}{\376\377\0003\000.\0006\000.\0002\000.\0005\000\040\000r\000e\000q\000u\000e\000s\000t\000\137\000i\000d}{subsection.3.6.2}% 96
\BOOKMARK [3][-]{subsubsection.3.6.2.6}{\376\377\0003\000.\0006\000.\0002\000.\0006\000\040\000r\000e\000s\000p\000o\000n\000s\000e}{subsection.3.6.2}% 97
\BOOKMARK [3][-]{subsubsection.3.6.2.7}{\376\377\0003\000.\0006\000.\0002\000.\0007\000\040\000t\000i\000m\000e\000s\000t\000a\000m\000p}{subsection.3.6.2}% 98
\BOOKMARK [0][-]{chapter.4}{\376\377\0004\000\040\000F\000i\000l\000e\000\040\000D\000o\000c\000u\000m\000e\000n\000t\000a\000t\000i\000o\000n}{}% 99
\BOOKMARK [1][-]{section.4.1}{\376\377\0004\000.\0001\000\040\000l\000i\000b\000w\000s\000v\0005\000.\000c}{chapter.4}% 100
\BOOKMARK [1][-]{section.4.2}{\376\377\0004\000.\0002\000\040\000l\000i\000b\000w\000s\000v\0005\000.\000h}{chapter.4}% 101
\BOOKMARK [0][-]{chapter.5}{\376\377\0005\000\040\000E\000x\000a\000m\000p\000l\000e\000\040\000D\000o\000c\000u\000m\000e\000n\000t\000a\000t\000i\000o\000n}{}% 102
\BOOKMARK [1][-]{section.5.1}{\376\377\0005\000.\0001\000\040\000P\000a\000r\000s\000i\000n\000g}{chapter.5}% 103
\BOOKMARK [1][-]{section.5.2}{\376\377\0005\000.\0002\000\040\000U\000s\000a\000g\000e}{chapter.5}% 104
\BOOKMARK [1][-]{section.5.3}{\376\377\0005\000.\0003\000\040\000S\000w\000i\000t\000c\000h\000i\000n\000g}{chapter.5}% 105
\BOOKMARK [1][-]{section.5.4}{\376\377\0005\000.\0004\000\040\000G\000e\000t\000t\000i\000n\000g}{chapter.5}% 106
\BOOKMARK [1][-]{section.5.5}{\376\377\0005\000.\0005\000\040\000S\000t\000a\000r\000t\000i\000n\000g}{chapter.5}% 107
\BOOKMARK [1][-]{section.5.6}{\376\377\0005\000.\0006\000\040\000C\000h\000e\000c\000k\000i\000n\000g}{chapter.5}% 108
\BOOKMARK [1][-]{section.5.7}{\376\377\0005\000.\0007\000\040\000H\000i\000d\000i\000n\000g}{chapter.5}% 109
\BOOKMARK [1][-]{section.5.8}{\376\377\0005\000.\0008\000\040\000D\000i\000s\000a\000b\000l\000i\000n\000g}{chapter.5}% 110
\BOOKMARK [1][-]{section.5.9}{\376\377\0005\000.\0009\000\040\000S\000e\000t\000t\000i\000n\000g}{chapter.5}% 111
\BOOKMARK [1][-]{section.5.10}{\376\377\0005\000.\0001\0000\000\040\000L\000o\000g\000g\000i\000n\000g}{chapter.5}% 112
\BOOKMARK [1][-]{section.5.11}{\376\377\0005\000.\0001\0001\000\040\000D\000i\000s\000p\000l\000a\000y\000i\000n\000g}{chapter.5}% 113
\BOOKMARK [1][-]{section.5.12}{\376\377\0005\000.\0001\0002\000\040\000U\000s\000i\000n\000g}{chapter.5}% 114
\BOOKMARK [0][-]{section*.10}{\376\377\000I\000n\000d\000e\000x}{}% 115
