\BOOKMARK [0][-]{chapter.1}{\376\377\0001\000\040\000D\000a\000t\000a\000\040\000S\000t\000r\000u\000c\000t\000u\000r\000e\000\040\000I\000n\000d\000e\000x}{}% 1
\BOOKMARK [1][-]{section.1.1}{\376\377\0001\000.\0001\000\040\000D\000a\000t\000a\000\040\000S\000t\000r\000u\000c\000t\000u\000r\000e\000s}{chapter.1}% 2
\BOOKMARK [0][-]{chapter.2}{\376\377\0002\000\040\000F\000i\000l\000e\000\040\000I\000n\000d\000e\000x}{}% 3
\BOOKMARK [1][-]{section.2.1}{\376\377\0002\000.\0001\000\040\000F\000i\000l\000e\000\040\000L\000i\000s\000t}{chapter.2}% 4
\BOOKMARK [0][-]{chapter.3}{\376\377\0003\000\040\000D\000a\000t\000a\000\040\000S\000t\000r\000u\000c\000t\000u\000r\000e\000\040\000D\000o\000c\000u\000m\000e\000n\000t\000a\000t\000i\000o\000n}{}% 5
\BOOKMARK [1][-]{section.3.1}{\376\377\0003\000.\0001\000\040\000o\000b\000s\000w\000s\000\137\000c\000o\000n\000f\000i\000g\000\137\000t\000\040\000S\000t\000r\000u\000c\000t\000\040\000R\000e\000f\000e\000r\000e\000n\000c\000e}{chapter.3}% 6
\BOOKMARK [2][-]{subsection.3.1.1}{\376\377\0003\000.\0001\000.\0001\000\040\000D\000e\000t\000a\000i\000l\000e\000d\000\040\000D\000e\000s\000c\000r\000i\000p\000t\000i\000o\000n}{section.3.1}% 7
\BOOKMARK [2][-]{subsection.3.1.2}{\376\377\0003\000.\0001\000.\0002\000\040\000F\000i\000e\000l\000d\000\040\000D\000o\000c\000u\000m\000e\000n\000t\000a\000t\000i\000o\000n}{section.3.1}% 8
\BOOKMARK [3][-]{subsubsection.3.1.2.1}{\376\377\0003\000.\0001\000.\0002\000.\0001\000\040\000a\000u\000t\000o\000\137\000r\000e\000c\000o\000n\000n\000e\000c\000t}{subsection.3.1.2}% 9
\BOOKMARK [3][-]{subsubsection.3.1.2.2}{\376\377\0003\000.\0001\000.\0002\000.\0002\000\040\000c\000o\000n\000n\000e\000c\000t\000\137\000t\000i\000m\000e\000o\000u\000t\000\137\000m\000s}{subsection.3.1.2}% 10
\BOOKMARK [3][-]{subsubsection.3.1.2.3}{\376\377\0003\000.\0001\000.\0002\000.\0003\000\040\000e\000v\000e\000n\000t\000\137\000c\000a\000l\000l\000b\000a\000c\000k}{subsection.3.1.2}% 11
\BOOKMARK [3][-]{subsubsection.3.1.2.4}{\376\377\0003\000.\0001\000.\0002\000.\0004\000\040\000h\000o\000s\000t}{subsection.3.1.2}% 12
\BOOKMARK [3][-]{subsubsection.3.1.2.5}{\376\377\0003\000.\0001\000.\0002\000.\0005\000\040\000l\000o\000g\000\137\000c\000a\000l\000l\000b\000a\000c\000k}{subsection.3.1.2}% 13
\BOOKMARK [3][-]{subsubsection.3.1.2.6}{\376\377\0003\000.\0001\000.\0002\000.\0006\000\040\000m\000a\000x\000\137\000r\000e\000c\000o\000n\000n\000e\000c\000t\000\137\000a\000t\000t\000e\000m\000p\000t\000s}{subsection.3.1.2}% 14
\BOOKMARK [3][-]{subsubsection.3.1.2.7}{\376\377\0003\000.\0001\000.\0002\000.\0007\000\040\000m\000a\000x\000\137\000r\000e\000c\000o\000n\000n\000e\000c\000t\000\137\000d\000e\000l\000a\000y\000\137\000m\000s}{subsection.3.1.2}% 15
\BOOKMARK [3][-]{subsubsection.3.1.2.8}{\376\377\0003\000.\0001\000.\0002\000.\0008\000\040\000p\000a\000s\000s\000w\000o\000r\000d}{subsection.3.1.2}% 16
\BOOKMARK [3][-]{subsubsection.3.1.2.9}{\376\377\0003\000.\0001\000.\0002\000.\0009\000\040\000p\000i\000n\000g\000\137\000i\000n\000t\000e\000r\000v\000a\000l\000\137\000m\000s}{subsection.3.1.2}% 17
\BOOKMARK [3][-]{subsubsection.3.1.2.10}{\376\377\0003\000.\0001\000.\0002\000.\0001\0000\000\040\000p\000i\000n\000g\000\137\000t\000i\000m\000e\000o\000u\000t\000\137\000m\000s}{subsection.3.1.2}% 18
\BOOKMARK [3][-]{subsubsection.3.1.2.11}{\376\377\0003\000.\0001\000.\0002\000.\0001\0001\000\040\000p\000o\000r\000t}{subsection.3.1.2}% 19
\BOOKMARK [3][-]{subsubsection.3.1.2.12}{\376\377\0003\000.\0001\000.\0002\000.\0001\0002\000\040\000r\000e\000c\000o\000n\000n\000e\000c\000t\000\137\000d\000e\000l\000a\000y\000\137\000m\000s}{subsection.3.1.2}% 20
\BOOKMARK [3][-]{subsubsection.3.1.2.13}{\376\377\0003\000.\0001\000.\0002\000.\0001\0003\000\040\000r\000e\000c\000v\000\137\000t\000i\000m\000e\000o\000u\000t\000\137\000m\000s}{subsection.3.1.2}% 21
\BOOKMARK [3][-]{subsubsection.3.1.2.14}{\376\377\0003\000.\0001\000.\0002\000.\0001\0004\000\040\000s\000e\000n\000d\000\137\000t\000i\000m\000e\000o\000u\000t\000\137\000m\000s}{subsection.3.1.2}% 22
\BOOKMARK [3][-]{subsubsection.3.1.2.15}{\376\377\0003\000.\0001\000.\0002\000.\0001\0005\000\040\000s\000t\000a\000t\000e\000\137\000c\000a\000l\000l\000b\000a\000c\000k}{subsection.3.1.2}% 23
\BOOKMARK [3][-]{subsubsection.3.1.2.16}{\376\377\0003\000.\0001\000.\0002\000.\0001\0006\000\040\000u\000s\000e\000\137\000s\000s\000l}{subsection.3.1.2}% 24
\BOOKMARK [3][-]{subsubsection.3.1.2.17}{\376\377\0003\000.\0001\000.\0002\000.\0001\0007\000\040\000u\000s\000e\000r\000\137\000d\000a\000t\000a}{subsection.3.1.2}% 25
\BOOKMARK [1][-]{section.3.2}{\376\377\0003\000.\0002\000\040\000o\000b\000s\000w\000s\000\137\000c\000o\000n\000n\000e\000c\000t\000i\000o\000n\000\040\000S\000t\000r\000u\000c\000t\000\040\000R\000e\000f\000e\000r\000e\000n\000c\000e}{chapter.3}% 26
\BOOKMARK [2][-]{subsection.3.2.1}{\376\377\0003\000.\0002\000.\0001\000\040\000D\000e\000t\000a\000i\000l\000e\000d\000\040\000D\000e\000s\000c\000r\000i\000p\000t\000i\000o\000n}{section.3.2}% 27
\BOOKMARK [2][-]{subsection.3.2.2}{\376\377\0003\000.\0002\000.\0002\000\040\000F\000i\000e\000l\000d\000\040\000D\000o\000c\000u\000m\000e\000n\000t\000a\000t\000i\000o\000n}{section.3.2}% 28
\BOOKMARK [3][-]{subsubsection.3.2.2.1}{\376\377\0003\000.\0002\000.\0002\000.\0001\000\040\000a\000u\000t\000h\000\137\000r\000e\000q\000u\000i\000r\000e\000d}{subsection.3.2.2}% 29
\BOOKMARK [3][-]{subsubsection.3.2.2.2}{\376\377\0003\000.\0002\000.\0002\000.\0002\000\040\000c\000h\000a\000l\000l\000e\000n\000g\000e}{subsection.3.2.2}% 30
\BOOKMARK [3][-]{subsubsection.3.2.2.3}{\376\377\0003\000.\0002\000.\0002\000.\0003\000\040\000c\000o\000n\000f\000i\000g}{subsection.3.2.2}% 31
\BOOKMARK [3][-]{subsubsection.3.2.2.4}{\376\377\0003\000.\0002\000.\0002\000.\0004\000\040\000c\000u\000r\000r\000e\000n\000t\000\137\000r\000e\000c\000o\000n\000n\000e\000c\000t\000\137\000d\000e\000l\000a\000y}{subsection.3.2.2}% 32
\BOOKMARK [3][-]{subsubsection.3.2.2.5}{\376\377\0003\000.\0002\000.\0002\000.\0005\000\040\000c\000u\000r\000r\000e\000n\000t\000\137\000s\000c\000e\000n\000e}{subsection.3.2.2}% 33
\BOOKMARK [3][-]{subsubsection.3.2.2.6}{\376\377\0003\000.\0002\000.\0002\000.\0006\000\040\000e\000v\000e\000n\000t\000\137\000t\000h\000r\000e\000a\000d}{subsection.3.2.2}% 34
\BOOKMARK [3][-]{subsubsection.3.2.2.7}{\376\377\0003\000.\0002\000.\0002\000.\0007\000\040\000l\000a\000s\000t\000\137\000p\000i\000n\000g\000\137\000s\000e\000n\000t}{subsection.3.2.2}% 35
\BOOKMARK [3][-]{subsubsection.3.2.2.8}{\376\377\0003\000.\0002\000.\0002\000.\0008\000\040\000l\000a\000s\000t\000\137\000p\000o\000n\000g\000\137\000r\000e\000c\000e\000i\000v\000e\000d}{subsection.3.2.2}% 36
\BOOKMARK [3][-]{subsubsection.3.2.2.9}{\376\377\0003\000.\0002\000.\0002\000.\0009\000\040\000l\000w\000s\000\137\000c\000o\000n\000t\000e\000x\000t}{subsection.3.2.2}% 37
\BOOKMARK [3][-]{subsubsection.3.2.2.10}{\376\377\0003\000.\0002\000.\0002\000.\0001\0000\000\040\000p\000e\000n\000d\000i\000n\000g\000\137\000r\000e\000q\000u\000e\000s\000t\000s}{subsection.3.2.2}% 38
\BOOKMARK [3][-]{subsubsection.3.2.2.11}{\376\377\0003\000.\0002\000.\0002\000.\0001\0001\000\040\000r\000e\000c\000o\000n\000n\000e\000c\000t\000\137\000a\000t\000t\000e\000m\000p\000t\000s}{subsection.3.2.2}% 39
\BOOKMARK [3][-]{subsubsection.3.2.2.12}{\376\377\0003\000.\0002\000.\0002\000.\0001\0002\000\040\000r\000e\000c\000v\000\137\000b\000u\000f\000f\000e\000r}{subsection.3.2.2}% 40
\BOOKMARK [3][-]{subsubsection.3.2.2.13}{\376\377\0003\000.\0002\000.\0002\000.\0001\0003\000\040\000r\000e\000c\000v\000\137\000b\000u\000f\000f\000e\000r\000\137\000s\000i\000z\000e}{subsection.3.2.2}% 41
\BOOKMARK [3][-]{subsubsection.3.2.2.14}{\376\377\0003\000.\0002\000.\0002\000.\0001\0004\000\040\000r\000e\000c\000v\000\137\000b\000u\000f\000f\000e\000r\000\137\000u\000s\000e\000d}{subsection.3.2.2}% 42
\BOOKMARK [3][-]{subsubsection.3.2.2.15}{\376\377\0003\000.\0002\000.\0002\000.\0001\0005\000\040\000r\000e\000q\000u\000e\000s\000t\000s\000\137\000m\000u\000t\000e\000x}{subsection.3.2.2}% 43
\BOOKMARK [3][-]{subsubsection.3.2.2.16}{\376\377\0003\000.\0002\000.\0002\000.\0001\0006\000\040\000s\000a\000l\000t}{subsection.3.2.2}% 44
\BOOKMARK [3][-]{subsubsection.3.2.2.17}{\376\377\0003\000.\0002\000.\0002\000.\0001\0007\000\040\000s\000c\000e\000n\000e\000\137\000m\000u\000t\000e\000x}{subsection.3.2.2}% 45
\BOOKMARK [3][-]{subsubsection.3.2.2.18}{\376\377\0003\000.\0002\000.\0002\000.\0001\0008\000\040\000s\000e\000n\000d\000\137\000b\000u\000f\000f\000e\000r}{subsection.3.2.2}% 46
\BOOKMARK [3][-]{subsubsection.3.2.2.19}{\376\377\0003\000.\0002\000.\0002\000.\0001\0009\000\040\000s\000e\000n\000d\000\137\000b\000u\000f\000f\000e\000r\000\137\000s\000i\000z\000e}{subsection.3.2.2}% 47
\BOOKMARK [3][-]{subsubsection.3.2.2.20}{\376\377\0003\000.\0002\000.\0002\000.\0002\0000\000\040\000s\000e\000n\000d\000\137\000m\000u\000t\000e\000x}{subsection.3.2.2}% 48
\BOOKMARK [3][-]{subsubsection.3.2.2.21}{\376\377\0003\000.\0002\000.\0002\000.\0002\0001\000\040\000s\000h\000o\000u\000l\000d\000\137\000e\000x\000i\000t}{subsection.3.2.2}% 49
\BOOKMARK [3][-]{subsubsection.3.2.2.22}{\376\377\0003\000.\0002\000.\0002\000.\0002\0002\000\040\000s\000t\000a\000t\000e}{subsection.3.2.2}% 50
\BOOKMARK [3][-]{subsubsection.3.2.2.23}{\376\377\0003\000.\0002\000.\0002\000.\0002\0003\000\040\000s\000t\000a\000t\000e\000\137\000m\000u\000t\000e\000x}{subsection.3.2.2}% 51
\BOOKMARK [3][-]{subsubsection.3.2.2.24}{\376\377\0003\000.\0002\000.\0002\000.\0002\0004\000\040\000s\000t\000a\000t\000s}{subsection.3.2.2}% 52
\BOOKMARK [3][-]{subsubsection.3.2.2.25}{\376\377\0003\000.\0002\000.\0002\000.\0002\0005\000\040\000s\000t\000a\000t\000s\000\137\000m\000u\000t\000e\000x}{subsection.3.2.2}% 53
\BOOKMARK [3][-]{subsubsection.3.2.2.26}{\376\377\0003\000.\0002\000.\0002\000.\0002\0006\000\040\000t\000h\000r\000e\000a\000d\000\137\000r\000u\000n\000n\000i\000n\000g}{subsection.3.2.2}% 54
\BOOKMARK [3][-]{subsubsection.3.2.2.27}{\376\377\0003\000.\0002\000.\0002\000.\0002\0007\000\040\000w\000s\000i}{subsection.3.2.2}% 55
\BOOKMARK [1][-]{section.3.3}{\376\377\0003\000.\0003\000\040\000o\000b\000s\000w\000s\000\137\000r\000e\000s\000p\000o\000n\000s\000e\000\137\000t\000\040\000S\000t\000r\000u\000c\000t\000\040\000R\000e\000f\000e\000r\000e\000n\000c\000e}{chapter.3}% 56
\BOOKMARK [2][-]{subsection.3.3.1}{\376\377\0003\000.\0003\000.\0001\000\040\000D\000e\000t\000a\000i\000l\000e\000d\000\040\000D\000e\000s\000c\000r\000i\000p\000t\000i\000o\000n}{section.3.3}% 57
\BOOKMARK [2][-]{subsection.3.3.2}{\376\377\0003\000.\0003\000.\0002\000\040\000F\000i\000e\000l\000d\000\040\000D\000o\000c\000u\000m\000e\000n\000t\000a\000t\000i\000o\000n}{section.3.3}% 58
\BOOKMARK [3][-]{subsubsection.3.3.2.1}{\376\377\0003\000.\0003\000.\0002\000.\0001\000\040\000e\000r\000r\000o\000r\000\137\000m\000e\000s\000s\000a\000g\000e}{subsection.3.3.2}% 59
\BOOKMARK [3][-]{subsubsection.3.3.2.2}{\376\377\0003\000.\0003\000.\0002\000.\0002\000\040\000r\000e\000s\000p\000o\000n\000s\000e\000\137\000d\000a\000t\000a}{subsection.3.3.2}% 60
\BOOKMARK [3][-]{subsubsection.3.3.2.3}{\376\377\0003\000.\0003\000.\0002\000.\0003\000\040\000s\000t\000a\000t\000u\000s\000\137\000c\000o\000d\000e}{subsection.3.3.2}% 61
\BOOKMARK [3][-]{subsubsection.3.3.2.4}{\376\377\0003\000.\0003\000.\0002\000.\0004\000\040\000s\000u\000c\000c\000e\000s\000s}{subsection.3.3.2}% 62
\BOOKMARK [1][-]{section.3.4}{\376\377\0003\000.\0004\000\040\000o\000b\000s\000w\000s\000\137\000s\000t\000a\000t\000s\000\137\000t\000\040\000S\000t\000r\000u\000c\000t\000\040\000R\000e\000f\000e\000r\000e\000n\000c\000e}{chapter.3}% 63
\BOOKMARK [2][-]{subsection.3.4.1}{\376\377\0003\000.\0004\000.\0001\000\040\000D\000e\000t\000a\000i\000l\000e\000d\000\040\000D\000e\000s\000c\000r\000i\000p\000t\000i\000o\000n}{section.3.4}% 64
\BOOKMARK [2][-]{subsection.3.4.2}{\376\377\0003\000.\0004\000.\0002\000\040\000F\000i\000e\000l\000d\000\040\000D\000o\000c\000u\000m\000e\000n\000t\000a\000t\000i\000o\000n}{section.3.4}% 65
\BOOKMARK [3][-]{subsubsection.3.4.2.1}{\376\377\0003\000.\0004\000.\0002\000.\0001\000\040\000b\000y\000t\000e\000s\000\137\000r\000e\000c\000e\000i\000v\000e\000d}{subsection.3.4.2}% 66
\BOOKMARK [3][-]{subsubsection.3.4.2.2}{\376\377\0003\000.\0004\000.\0002\000.\0002\000\040\000b\000y\000t\000e\000s\000\137\000s\000e\000n\000t}{subsection.3.4.2}% 67
\BOOKMARK [3][-]{subsubsection.3.4.2.3}{\376\377\0003\000.\0004\000.\0002\000.\0003\000\040\000c\000o\000n\000n\000e\000c\000t\000e\000d\000\137\000s\000i\000n\000c\000e}{subsection.3.4.2}% 68
\BOOKMARK [3][-]{subsubsection.3.4.2.4}{\376\377\0003\000.\0004\000.\0002\000.\0004\000\040\000e\000r\000r\000o\000r\000\137\000c\000o\000u\000n\000t}{subsection.3.4.2}% 69
\BOOKMARK [3][-]{subsubsection.3.4.2.5}{\376\377\0003\000.\0004\000.\0002\000.\0005\000\040\000l\000a\000s\000t\000\137\000p\000i\000n\000g\000\137\000m\000s}{subsection.3.4.2}% 70
\BOOKMARK [3][-]{subsubsection.3.4.2.6}{\376\377\0003\000.\0004\000.\0002\000.\0006\000\040\000m\000e\000s\000s\000a\000g\000e\000s\000\137\000r\000e\000c\000e\000i\000v\000e\000d}{subsection.3.4.2}% 71
\BOOKMARK [3][-]{subsubsection.3.4.2.7}{\376\377\0003\000.\0004\000.\0002\000.\0007\000\040\000m\000e\000s\000s\000a\000g\000e\000s\000\137\000s\000e\000n\000t}{subsection.3.4.2}% 72
\BOOKMARK [3][-]{subsubsection.3.4.2.8}{\376\377\0003\000.\0004\000.\0002\000.\0008\000\040\000r\000e\000c\000o\000n\000n\000e\000c\000t\000\137\000c\000o\000u\000n\000t}{subsection.3.4.2}% 73
\BOOKMARK [1][-]{section.3.5}{\376\377\0003\000.\0005\000\040\000p\000e\000n\000d\000i\000n\000g\000\137\000r\000e\000q\000u\000e\000s\000t\000\040\000S\000t\000r\000u\000c\000t\000\040\000R\000e\000f\000e\000r\000e\000n\000c\000e}{chapter.3}% 74
\BOOKMARK [2][-]{subsection.3.5.1}{\376\377\0003\000.\0005\000.\0001\000\040\000D\000e\000t\000a\000i\000l\000e\000d\000\040\000D\000e\000s\000c\000r\000i\000p\000t\000i\000o\000n}{section.3.5}% 75
\BOOKMARK [2][-]{subsection.3.5.2}{\376\377\0003\000.\0005\000.\0002\000\040\000F\000i\000e\000l\000d\000\040\000D\000o\000c\000u\000m\000e\000n\000t\000a\000t\000i\000o\000n}{section.3.5}% 76
\BOOKMARK [3][-]{subsubsection.3.5.2.1}{\376\377\0003\000.\0005\000.\0002\000.\0001\000\040\000c\000o\000m\000p\000l\000e\000t\000e\000d}{subsection.3.5.2}% 77
\BOOKMARK [3][-]{subsubsection.3.5.2.2}{\376\377\0003\000.\0005\000.\0002\000.\0002\000\040\000c\000o\000n\000d}{subsection.3.5.2}% 78
\BOOKMARK [3][-]{subsubsection.3.5.2.3}{\376\377\0003\000.\0005\000.\0002\000.\0003\000\040\000m\000u\000t\000e\000x}{subsection.3.5.2}% 79
\BOOKMARK [3][-]{subsubsection.3.5.2.4}{\376\377\0003\000.\0005\000.\0002\000.\0004\000\040\000n\000e\000x\000t}{subsection.3.5.2}% 80
\BOOKMARK [3][-]{subsubsection.3.5.2.5}{\376\377\0003\000.\0005\000.\0002\000.\0005\000\040\000r\000e\000q\000u\000e\000s\000t\000\137\000i\000d}{subsection.3.5.2}% 81
\BOOKMARK [3][-]{subsubsection.3.5.2.6}{\376\377\0003\000.\0005\000.\0002\000.\0006\000\040\000r\000e\000s\000p\000o\000n\000s\000e}{subsection.3.5.2}% 82
\BOOKMARK [3][-]{subsubsection.3.5.2.7}{\376\377\0003\000.\0005\000.\0002\000.\0007\000\040\000t\000i\000m\000e\000s\000t\000a\000m\000p}{subsection.3.5.2}% 83
\BOOKMARK [0][-]{chapter.4}{\376\377\0004\000\040\000F\000i\000l\000e\000\040\000D\000o\000c\000u\000m\000e\000n\000t\000a\000t\000i\000o\000n}{}% 84
\BOOKMARK [1][-]{section.4.1}{\376\377\0004\000.\0001\000\040\000l\000i\000b\000r\000a\000r\000y\000.\000c\000\040\000F\000i\000l\000e\000\040\000R\000e\000f\000e\000r\000e\000n\000c\000e}{chapter.4}% 85
\BOOKMARK [2][-]{subsection.4.1.1}{\376\377\0004\000.\0001\000.\0001\000\040\000M\000a\000c\000r\000o\000\040\000D\000e\000f\000i\000n\000i\000t\000i\000o\000n\000\040\000D\000o\000c\000u\000m\000e\000n\000t\000a\000t\000i\000o\000n}{section.4.1}% 86
\BOOKMARK [3][-]{subsubsection.4.1.1.1}{\376\377\0004\000.\0001\000.\0001\000.\0001\000\040\000\137\000P\000O\000S\000I\000X\000\137\000C\000\137\000S\000O\000U\000R\000C\000E}{subsection.4.1.1}% 87
\BOOKMARK [3][-]{subsubsection.4.1.1.2}{\376\377\0004\000.\0001\000.\0001\000.\0002\000\040\000O\000B\000S\000W\000S\000\137\000D\000E\000F\000A\000U\000L\000T\000\137\000B\000U\000F\000F\000E\000R\000\137\000S\000I\000Z\000E}{subsection.4.1.1}% 88
\BOOKMARK [3][-]{subsubsection.4.1.1.3}{\376\377\0004\000.\0001\000.\0001\000.\0003\000\040\000O\000B\000S\000W\000S\000\137\000E\000V\000E\000N\000T\000\137\000A\000L\000L}{subsection.4.1.1}% 89
\BOOKMARK [3][-]{subsubsection.4.1.1.4}{\376\377\0004\000.\0001\000.\0001\000.\0004\000\040\000O\000B\000S\000W\000S\000\137\000E\000V\000E\000N\000T\000\137\000C\000O\000N\000F\000I\000G}{subsection.4.1.1}% 90
\BOOKMARK [3][-]{subsubsection.4.1.1.5}{\376\377\0004\000.\0001\000.\0001\000.\0005\000\040\000O\000B\000S\000W\000S\000\137\000E\000V\000E\000N\000T\000\137\000F\000I\000L\000T\000E\000R\000S}{subsection.4.1.1}% 91
\BOOKMARK [3][-]{subsubsection.4.1.1.6}{\376\377\0004\000.\0001\000.\0001\000.\0006\000\040\000O\000B\000S\000W\000S\000\137\000E\000V\000E\000N\000T\000\137\000G\000E\000N\000E\000R\000A\000L}{subsection.4.1.1}% 92
\BOOKMARK [3][-]{subsubsection.4.1.1.7}{\376\377\0004\000.\0001\000.\0001\000.\0007\000\040\000O\000B\000S\000W\000S\000\137\000E\000V\000E\000N\000T\000\137\000I\000N\000P\000U\000T\000S}{subsection.4.1.1}% 93
\BOOKMARK [3][-]{subsubsection.4.1.1.8}{\376\377\0004\000.\0001\000.\0001\000.\0008\000\040\000O\000B\000S\000W\000S\000\137\000E\000V\000E\000N\000T\000\137\000M\000E\000D\000I\000A\000\137\000I\000N\000P\000U\000T\000S}{subsection.4.1.1}% 94
\BOOKMARK [3][-]{subsubsection.4.1.1.9}{\376\377\0004\000.\0001\000.\0001\000.\0009\000\040\000O\000B\000S\000W\000S\000\137\000E\000V\000E\000N\000T\000\137\000O\000U\000T\000P\000U\000T\000S}{subsection.4.1.1}% 95
\BOOKMARK [3][-]{subsubsection.4.1.1.10}{\376\377\0004\000.\0001\000.\0001\000.\0001\0000\000\040\000O\000B\000S\000W\000S\000\137\000E\000V\000E\000N\000T\000\137\000S\000C\000E\000N\000E\000\137\000I\000T\000E\000M\000S}{subsection.4.1.1}% 96
\BOOKMARK [3][-]{subsubsection.4.1.1.11}{\376\377\0004\000.\0001\000.\0001\000.\0001\0001\000\040\000O\000B\000S\000W\000S\000\137\000E\000V\000E\000N\000T\000\137\000S\000C\000E\000N\000E\000S}{subsection.4.1.1}% 97
\BOOKMARK [3][-]{subsubsection.4.1.1.12}{\376\377\0004\000.\0001\000.\0001\000.\0001\0002\000\040\000O\000B\000S\000W\000S\000\137\000E\000V\000E\000N\000T\000\137\000T\000R\000A\000N\000S\000I\000T\000I\000O\000N\000S}{subsection.4.1.1}% 98
\BOOKMARK [3][-]{subsubsection.4.1.1.13}{\376\377\0004\000.\0001\000.\0001\000.\0001\0003\000\040\000O\000B\000S\000W\000S\000\137\000E\000V\000E\000N\000T\000\137\000U\000I}{subsection.4.1.1}% 99
\BOOKMARK [3][-]{subsubsection.4.1.1.14}{\376\377\0004\000.\0001\000.\0001\000.\0001\0004\000\040\000O\000B\000S\000W\000S\000\137\000E\000V\000E\000N\000T\000\137\000V\000E\000N\000D\000O\000R\000S}{subsection.4.1.1}% 100
\BOOKMARK [3][-]{subsubsection.4.1.1.15}{\376\377\0004\000.\0001\000.\0001\000.\0001\0005\000\040\000O\000B\000S\000W\000S\000\137\000M\000A\000X\000\137\000P\000E\000N\000D\000I\000N\000G\000\137\000R\000E\000Q\000U\000E\000S\000T\000S}{subsection.4.1.1}% 101
\BOOKMARK [3][-]{subsubsection.4.1.1.16}{\376\377\0004\000.\0001\000.\0001\000.\0001\0006\000\040\000O\000B\000S\000W\000S\000\137\000O\000P\000C\000O\000D\000E\000\137\000E\000V\000E\000N\000T}{subsection.4.1.1}% 102
\BOOKMARK [3][-]{subsubsection.4.1.1.17}{\376\377\0004\000.\0001\000.\0001\000.\0001\0007\000\040\000O\000B\000S\000W\000S\000\137\000O\000P\000C\000O\000D\000E\000\137\000H\000E\000L\000L\000O}{subsection.4.1.1}% 103
\BOOKMARK [3][-]{subsubsection.4.1.1.18}{\376\377\0004\000.\0001\000.\0001\000.\0001\0008\000\040\000O\000B\000S\000W\000S\000\137\000O\000P\000C\000O\000D\000E\000\137\000I\000D\000E\000N\000T\000I\000F\000I\000E\000D}{subsection.4.1.1}% 104
\BOOKMARK [3][-]{subsubsection.4.1.1.19}{\376\377\0004\000.\0001\000.\0001\000.\0001\0009\000\040\000O\000B\000S\000W\000S\000\137\000O\000P\000C\000O\000D\000E\000\137\000I\000D\000E\000N\000T\000I\000F\000Y}{subsection.4.1.1}% 105
\BOOKMARK [3][-]{subsubsection.4.1.1.20}{\376\377\0004\000.\0001\000.\0001\000.\0002\0000\000\040\000O\000B\000S\000W\000S\000\137\000O\000P\000C\000O\000D\000E\000\137\000R\000E\000I\000D\000E\000N\000T\000I\000F\000Y}{subsection.4.1.1}% 106
\BOOKMARK [3][-]{subsubsection.4.1.1.21}{\376\377\0004\000.\0001\000.\0001\000.\0002\0001\000\040\000O\000B\000S\000W\000S\000\137\000O\000P\000C\000O\000D\000E\000\137\000R\000E\000Q\000U\000E\000S\000T}{subsection.4.1.1}% 107
\BOOKMARK [3][-]{subsubsection.4.1.1.22}{\376\377\0004\000.\0001\000.\0001\000.\0002\0002\000\040\000O\000B\000S\000W\000S\000\137\000O\000P\000C\000O\000D\000E\000\137\000R\000E\000Q\000U\000E\000S\000T\000\137\000B\000A\000T\000C\000H}{subsection.4.1.1}% 108
\BOOKMARK [3][-]{subsubsection.4.1.1.23}{\376\377\0004\000.\0001\000.\0001\000.\0002\0003\000\040\000O\000B\000S\000W\000S\000\137\000O\000P\000C\000O\000D\000E\000\137\000R\000E\000Q\000U\000E\000S\000T\000\137\000B\000A\000T\000C\000H\000\137\000R\000E\000S\000P\000O\000N\000S\000E}{subsection.4.1.1}% 109
\BOOKMARK [3][-]{subsubsection.4.1.1.24}{\376\377\0004\000.\0001\000.\0001\000.\0002\0004\000\040\000O\000B\000S\000W\000S\000\137\000O\000P\000C\000O\000D\000E\000\137\000R\000E\000Q\000U\000E\000S\000T\000\137\000R\000E\000S\000P\000O\000N\000S\000E}{subsection.4.1.1}% 110
\BOOKMARK [3][-]{subsubsection.4.1.1.25}{\376\377\0004\000.\0001\000.\0001\000.\0002\0005\000\040\000O\000B\000S\000W\000S\000\137\000P\000R\000O\000T\000O\000C\000O\000L\000\137\000V\000E\000R\000S\000I\000O\000N}{subsection.4.1.1}% 111
\BOOKMARK [3][-]{subsubsection.4.1.1.26}{\376\377\0004\000.\0001\000.\0001\000.\0002\0006\000\040\000O\000B\000S\000W\000S\000\137\000U\000U\000I\000D\000\137\000L\000E\000N\000G\000T\000H}{subsection.4.1.1}% 112
\BOOKMARK [3][-]{subsubsection.4.1.1.27}{\376\377\0004\000.\0001\000.\0001\000.\0002\0007\000\040\000O\000B\000S\000W\000S\000\137\000V\000E\000R\000S\000I\000O\000N}{subsection.4.1.1}% 113
\BOOKMARK [2][-]{subsection.4.1.2}{\376\377\0004\000.\0001\000.\0002\000\040\000T\000y\000p\000e\000d\000e\000f\000\040\000D\000o\000c\000u\000m\000e\000n\000t\000a\000t\000i\000o\000n}{section.4.1}% 114
\BOOKMARK [3][-]{subsubsection.4.1.2.1}{\376\377\0004\000.\0001\000.\0002\000.\0001\000\040\000p\000e\000n\000d\000i\000n\000g\000\137\000r\000e\000q\000u\000e\000s\000t\000\137\000t}{subsection.4.1.2}% 115
\BOOKMARK [2][-]{subsection.4.1.3}{\376\377\0004\000.\0001\000.\0003\000\040\000F\000u\000n\000c\000t\000i\000o\000n\000\040\000D\000o\000c\000u\000m\000e\000n\000t\000a\000t\000i\000o\000n}{section.4.1}% 116
\BOOKMARK [3][-]{subsubsection.4.1.3.1}{\376\377\0004\000.\0001\000.\0003\000.\0001\000\040\000b\000a\000s\000e\0006\0004\000\137\000e\000n\000c\000o\000d\000e\000\050\000\051}{subsection.4.1.3}% 117
\BOOKMARK [3][-]{subsubsection.4.1.3.2}{\376\377\0004\000.\0001\000.\0003\000.\0002\000\040\000c\000l\000e\000a\000n\000u\000p\000\137\000o\000l\000d\000\137\000r\000e\000q\000u\000e\000s\000t\000s\000\050\000\051}{subsection.4.1.3}% 118
\BOOKMARK [3][-]{subsubsection.4.1.3.3}{\376\377\0004\000.\0001\000.\0003\000.\0003\000\040\000c\000r\000e\000a\000t\000e\000\137\000p\000e\000n\000d\000i\000n\000g\000\137\000r\000e\000q\000u\000e\000s\000t\000\050\000\051}{subsection.4.1.3}% 119
\BOOKMARK [3][-]{subsubsection.4.1.3.4}{\376\377\0004\000.\0001\000.\0003\000.\0004\000\040\000e\000v\000e\000n\000t\000\137\000t\000h\000r\000e\000a\000d\000\137\000f\000u\000n\000c\000\050\000\051}{subsection.4.1.3}% 120
\BOOKMARK [3][-]{subsubsection.4.1.3.5}{\376\377\0004\000.\0001\000.\0003\000.\0005\000\040\000f\000i\000n\000d\000\137\000p\000e\000n\000d\000i\000n\000g\000\137\000r\000e\000q\000u\000e\000s\000t\000\050\000\051}{subsection.4.1.3}% 121
\BOOKMARK [3][-]{subsubsection.4.1.3.6}{\376\377\0004\000.\0001\000.\0003\000.\0006\000\040\000g\000e\000n\000e\000r\000a\000t\000e\000\137\000a\000u\000t\000h\000\137\000r\000e\000s\000p\000o\000n\000s\000e\000\050\000\051}{subsection.4.1.3}% 122
\BOOKMARK [3][-]{subsubsection.4.1.3.7}{\376\377\0004\000.\0001\000.\0003\000.\0007\000\040\000g\000e\000n\000e\000r\000a\000t\000e\000\137\000u\000u\000i\000d\000\050\000\051}{subsection.4.1.3}% 123
\BOOKMARK [3][-]{subsubsection.4.1.3.8}{\376\377\0004\000.\0001\000.\0003\000.\0008\000\040\000h\000a\000n\000d\000l\000e\000\137\000e\000v\000e\000n\000t\000\137\000m\000e\000s\000s\000a\000g\000e\000\050\000\051}{subsection.4.1.3}% 124
\BOOKMARK [3][-]{subsubsection.4.1.3.9}{\376\377\0004\000.\0001\000.\0003\000.\0009\000\040\000h\000a\000n\000d\000l\000e\000\137\000h\000e\000l\000l\000o\000\137\000m\000e\000s\000s\000a\000g\000e\000\050\000\051}{subsection.4.1.3}% 125
\BOOKMARK [3][-]{subsubsection.4.1.3.10}{\376\377\0004\000.\0001\000.\0003\000.\0001\0000\000\040\000h\000a\000n\000d\000l\000e\000\137\000i\000d\000e\000n\000t\000i\000f\000i\000e\000d\000\137\000m\000e\000s\000s\000a\000g\000e\000\050\000\051}{subsection.4.1.3}% 126
\BOOKMARK [3][-]{subsubsection.4.1.3.11}{\376\377\0004\000.\0001\000.\0003\000.\0001\0001\000\040\000h\000a\000n\000d\000l\000e\000\137\000r\000e\000q\000u\000e\000s\000t\000\137\000r\000e\000s\000p\000o\000n\000s\000e\000\137\000m\000e\000s\000s\000a\000g\000e\000\050\000\051}{subsection.4.1.3}% 127
\BOOKMARK [3][-]{subsubsection.4.1.3.12}{\376\377\0004\000.\0001\000.\0003\000.\0001\0002\000\040\000h\000a\000n\000d\000l\000e\000\137\000w\000e\000b\000s\000o\000c\000k\000e\000t\000\137\000m\000e\000s\000s\000a\000g\000e\000\050\000\051}{subsection.4.1.3}% 128
\BOOKMARK [3][-]{subsubsection.4.1.3.13}{\376\377\0004\000.\0001\000.\0003\000.\0001\0003\000\040\000l\000w\000s\000\137\000c\000a\000l\000l\000b\000a\000c\000k\000\050\000\051}{subsection.4.1.3}% 129
\BOOKMARK [3][-]{subsubsection.4.1.3.14}{\376\377\0004\000.\0001\000.\0003\000.\0001\0004\000\040\000o\000b\000s\000w\000s\000\137\000c\000l\000e\000a\000n\000u\000p\000\050\000\051}{subsection.4.1.3}% 130
\BOOKMARK [3][-]{subsubsection.4.1.3.15}{\376\377\0004\000.\0001\000.\0003\000.\0001\0005\000\040\000o\000b\000s\000w\000s\000\137\000c\000o\000n\000f\000i\000g\000\137\000i\000n\000i\000t\000\050\000\051}{subsection.4.1.3}% 131
\BOOKMARK [3][-]{subsubsection.4.1.3.16}{\376\377\0004\000.\0001\000.\0003\000.\0001\0006\000\040\000o\000b\000s\000w\000s\000\137\000c\000o\000n\000n\000e\000c\000t\000\050\000\051}{subsection.4.1.3}% 132
\BOOKMARK [3][-]{subsubsection.4.1.3.17}{\376\377\0004\000.\0001\000.\0003\000.\0001\0007\000\040\000o\000b\000s\000w\000s\000\137\000d\000e\000b\000u\000g\000\050\000\051}{subsection.4.1.3}% 133
\BOOKMARK [3][-]{subsubsection.4.1.3.18}{\376\377\0004\000.\0001\000.\0003\000.\0001\0008\000\040\000o\000b\000s\000w\000s\000\137\000d\000i\000s\000c\000o\000n\000n\000e\000c\000t\000\050\000\051}{subsection.4.1.3}% 134
\BOOKMARK [3][-]{subsubsection.4.1.3.19}{\376\377\0004\000.\0001\000.\0003\000.\0001\0009\000\040\000o\000b\000s\000w\000s\000\137\000e\000r\000r\000o\000r\000\137\000s\000t\000r\000i\000n\000g\000\050\000\051}{subsection.4.1.3}% 135
\BOOKMARK [3][-]{subsubsection.4.1.3.20}{\376\377\0004\000.\0001\000.\0003\000.\0002\0000\000\040\000o\000b\000s\000w\000s\000\137\000g\000e\000t\000\137\000c\000u\000r\000r\000e\000n\000t\000\137\000s\000c\000e\000n\000e\000\050\000\051}{subsection.4.1.3}% 136
\BOOKMARK [3][-]{subsubsection.4.1.3.21}{\376\377\0004\000.\0001\000.\0003\000.\0002\0001\000\040\000o\000b\000s\000w\000s\000\137\000g\000e\000t\000\137\000d\000e\000b\000u\000g\000\137\000l\000e\000v\000e\000l\000\050\000\051}{subsection.4.1.3}% 137
\BOOKMARK [3][-]{subsubsection.4.1.3.22}{\376\377\0004\000.\0001\000.\0003\000.\0002\0002\000\040\000o\000b\000s\000w\000s\000\137\000g\000e\000t\000\137\000s\000t\000a\000t\000e\000\050\000\051}{subsection.4.1.3}% 138
\BOOKMARK [3][-]{subsubsection.4.1.3.23}{\376\377\0004\000.\0001\000.\0003\000.\0002\0003\000\040\000o\000b\000s\000w\000s\000\137\000g\000e\000t\000\137\000s\000t\000a\000t\000s\000\050\000\051}{subsection.4.1.3}% 139
\BOOKMARK [3][-]{subsubsection.4.1.3.24}{\376\377\0004\000.\0001\000.\0003\000.\0002\0004\000\040\000o\000b\000s\000w\000s\000\137\000i\000n\000i\000t\000\050\000\051}{subsection.4.1.3}% 140
\BOOKMARK [3][-]{subsubsection.4.1.3.25}{\376\377\0004\000.\0001\000.\0003\000.\0002\0005\000\040\000o\000b\000s\000w\000s\000\137\000i\000s\000\137\000c\000o\000n\000n\000e\000c\000t\000e\000d\000\050\000\051}{subsection.4.1.3}% 141
\BOOKMARK [3][-]{subsubsection.4.1.3.26}{\376\377\0004\000.\0001\000.\0003\000.\0002\0006\000\040\000o\000b\000s\000w\000s\000\137\000l\000o\000g\000\050\000\051}{subsection.4.1.3}% 142
\BOOKMARK [3][-]{subsubsection.4.1.3.27}{\376\377\0004\000.\0001\000.\0003\000.\0002\0007\000\040\000o\000b\000s\000w\000s\000\137\000p\000r\000o\000c\000e\000s\000s\000\137\000e\000v\000e\000n\000t\000s\000\050\000\051}{subsection.4.1.3}% 143
\BOOKMARK [3][-]{subsubsection.4.1.3.28}{\376\377\0004\000.\0001\000.\0003\000.\0002\0008\000\040\000o\000b\000s\000w\000s\000\137\000r\000e\000s\000p\000o\000n\000s\000e\000\137\000f\000r\000e\000e\000\050\000\051}{subsection.4.1.3}% 144
\BOOKMARK [3][-]{subsubsection.4.1.3.29}{\376\377\0004\000.\0001\000.\0003\000.\0002\0009\000\040\000o\000b\000s\000w\000s\000\137\000s\000e\000n\000d\000\137\000r\000e\000q\000u\000e\000s\000t\000\050\000\051}{subsection.4.1.3}% 145
\BOOKMARK [3][-]{subsubsection.4.1.3.30}{\376\377\0004\000.\0001\000.\0003\000.\0003\0000\000\040\000o\000b\000s\000w\000s\000\137\000s\000e\000t\000\137\000c\000u\000r\000r\000e\000n\000t\000\137\000s\000c\000e\000n\000e\000\050\000\051}{subsection.4.1.3}% 146
\BOOKMARK [3][-]{subsubsection.4.1.3.31}{\376\377\0004\000.\0001\000.\0003\000.\0003\0001\000\040\000o\000b\000s\000w\000s\000\137\000s\000e\000t\000\137\000d\000e\000b\000u\000g\000\137\000l\000e\000v\000e\000l\000\050\000\051}{subsection.4.1.3}% 147
\BOOKMARK [3][-]{subsubsection.4.1.3.32}{\376\377\0004\000.\0001\000.\0003\000.\0003\0002\000\040\000o\000b\000s\000w\000s\000\137\000s\000e\000t\000\137\000l\000o\000g\000\137\000l\000e\000v\000e\000l\000\050\000\051}{subsection.4.1.3}% 148
\BOOKMARK [3][-]{subsubsection.4.1.3.33}{\376\377\0004\000.\0001\000.\0003\000.\0003\0003\000\040\000o\000b\000s\000w\000s\000\137\000s\000t\000a\000r\000t\000\137\000r\000e\000c\000o\000r\000d\000i\000n\000g\000\050\000\051}{subsection.4.1.3}% 149
\BOOKMARK [3][-]{subsubsection.4.1.3.34}{\376\377\0004\000.\0001\000.\0003\000.\0003\0004\000\040\000o\000b\000s\000w\000s\000\137\000s\000t\000a\000r\000t\000\137\000s\000t\000r\000e\000a\000m\000i\000n\000g\000\050\000\051}{subsection.4.1.3}% 150
\BOOKMARK [3][-]{subsubsection.4.1.3.35}{\376\377\0004\000.\0001\000.\0003\000.\0003\0005\000\040\000o\000b\000s\000w\000s\000\137\000s\000t\000a\000t\000e\000\137\000s\000t\000r\000i\000n\000g\000\050\000\051}{subsection.4.1.3}% 151
\BOOKMARK [3][-]{subsubsection.4.1.3.36}{\376\377\0004\000.\0001\000.\0003\000.\0003\0006\000\040\000o\000b\000s\000w\000s\000\137\000s\000t\000o\000p\000\137\000r\000e\000c\000o\000r\000d\000i\000n\000g\000\050\000\051}{subsection.4.1.3}% 152
\BOOKMARK [3][-]{subsubsection.4.1.3.37}{\376\377\0004\000.\0001\000.\0003\000.\0003\0007\000\040\000o\000b\000s\000w\000s\000\137\000s\000t\000o\000p\000\137\000s\000t\000r\000e\000a\000m\000i\000n\000g\000\050\000\051}{subsection.4.1.3}% 153
\BOOKMARK [3][-]{subsubsection.4.1.3.38}{\376\377\0004\000.\0001\000.\0003\000.\0003\0008\000\040\000o\000b\000s\000w\000s\000\137\000v\000e\000r\000s\000i\000o\000n\000\050\000\051}{subsection.4.1.3}% 154
\BOOKMARK [3][-]{subsubsection.4.1.3.39}{\376\377\0004\000.\0001\000.\0003\000.\0003\0009\000\040\000r\000e\000m\000o\000v\000e\000\137\000p\000e\000n\000d\000i\000n\000g\000\137\000r\000e\000q\000u\000e\000s\000t\000\050\000\051}{subsection.4.1.3}% 155
\BOOKMARK [3][-]{subsubsection.4.1.3.40}{\376\377\0004\000.\0001\000.\0003\000.\0004\0000\000\040\000s\000e\000t\000\137\000c\000o\000n\000n\000e\000c\000t\000i\000o\000n\000\137\000s\000t\000a\000t\000e\000\050\000\051}{subsection.4.1.3}% 156
\BOOKMARK [3][-]{subsubsection.4.1.3.41}{\376\377\0004\000.\0001\000.\0003\000.\0004\0001\000\040\000s\000h\000a\0002\0005\0006\000\137\000h\000a\000s\000h\000\050\000\051}{subsection.4.1.3}% 157
\BOOKMARK [2][-]{subsection.4.1.4}{\376\377\0004\000.\0001\000.\0004\000\040\000V\000a\000r\000i\000a\000b\000l\000e\000\040\000D\000o\000c\000u\000m\000e\000n\000t\000a\000t\000i\000o\000n}{section.4.1}% 158
\BOOKMARK [3][-]{subsubsection.4.1.4.1}{\376\377\0004\000.\0001\000.\0004\000.\0001\000\040\000g\000\137\000d\000e\000b\000u\000g\000\137\000l\000e\000v\000e\000l}{subsection.4.1.4}% 159
\BOOKMARK [3][-]{subsubsection.4.1.4.2}{\376\377\0004\000.\0001\000.\0004\000.\0002\000\040\000g\000\137\000i\000n\000i\000t\000\137\000m\000u\000t\000e\000x}{subsection.4.1.4}% 160
\BOOKMARK [3][-]{subsubsection.4.1.4.3}{\376\377\0004\000.\0001\000.\0004\000.\0003\000\040\000g\000\137\000l\000i\000b\000r\000a\000r\000y\000\137\000i\000n\000i\000t\000i\000a\000l\000i\000z\000e\000d}{subsection.4.1.4}% 161
\BOOKMARK [3][-]{subsubsection.4.1.4.4}{\376\377\0004\000.\0001\000.\0004\000.\0004\000\040\000g\000\137\000l\000o\000g\000\137\000l\000e\000v\000e\000l}{subsection.4.1.4}% 162
\BOOKMARK [3][-]{subsubsection.4.1.4.5}{\376\377\0004\000.\0001\000.\0004\000.\0005\000\040\000p\000r\000o\000t\000o\000c\000o\000l\000s}{subsection.4.1.4}% 163
\BOOKMARK [1][-]{section.4.2}{\376\377\0004\000.\0002\000\040\000l\000i\000b\000r\000a\000r\000y\000.\000c}{chapter.4}% 164
\BOOKMARK [1][-]{section.4.3}{\376\377\0004\000.\0003\000\040\000l\000i\000b\000r\000a\000r\000y\000.\000h\000\040\000F\000i\000l\000e\000\040\000R\000e\000f\000e\000r\000e\000n\000c\000e}{chapter.4}% 165
\BOOKMARK [2][-]{subsection.4.3.1}{\376\377\0004\000.\0003\000.\0001\000\040\000M\000a\000c\000r\000o\000\040\000D\000e\000f\000i\000n\000i\000t\000i\000o\000n\000\040\000D\000o\000c\000u\000m\000e\000n\000t\000a\000t\000i\000o\000n}{section.4.3}% 166
\BOOKMARK [3][-]{subsubsection.4.3.1.1}{\376\377\0004\000.\0003\000.\0001\000.\0001\000\040\000\137\000P\000O\000S\000I\000X\000\137\000C\000\137\000S\000O\000U\000R\000C\000E}{subsection.4.3.1}% 167
\BOOKMARK [2][-]{subsection.4.3.2}{\376\377\0004\000.\0003\000.\0002\000\040\000T\000y\000p\000e\000d\000e\000f\000\040\000D\000o\000c\000u\000m\000e\000n\000t\000a\000t\000i\000o\000n}{section.4.3}% 168
\BOOKMARK [3][-]{subsubsection.4.3.2.1}{\376\377\0004\000.\0003\000.\0002\000.\0001\000\040\000o\000b\000s\000w\000s\000\137\000c\000o\000n\000n\000e\000c\000t\000i\000o\000n\000\137\000t}{subsection.4.3.2}% 169
\BOOKMARK [3][-]{subsubsection.4.3.2.2}{\376\377\0004\000.\0003\000.\0002\000.\0002\000\040\000o\000b\000s\000w\000s\000\137\000e\000v\000e\000n\000t\000\137\000c\000a\000l\000l\000b\000a\000c\000k\000\137\000t}{subsection.4.3.2}% 170
\BOOKMARK [3][-]{subsubsection.4.3.2.3}{\376\377\0004\000.\0003\000.\0002\000.\0003\000\040\000o\000b\000s\000w\000s\000\137\000l\000o\000g\000\137\000c\000a\000l\000l\000b\000a\000c\000k\000\137\000t}{subsection.4.3.2}% 171
\BOOKMARK [3][-]{subsubsection.4.3.2.4}{\376\377\0004\000.\0003\000.\0002\000.\0004\000\040\000o\000b\000s\000w\000s\000\137\000s\000t\000a\000t\000e\000\137\000c\000a\000l\000l\000b\000a\000c\000k\000\137\000t}{subsection.4.3.2}% 172
\BOOKMARK [2][-]{subsection.4.3.3}{\376\377\0004\000.\0003\000.\0003\000\040\000E\000n\000u\000m\000e\000r\000a\000t\000i\000o\000n\000\040\000T\000y\000p\000e\000\040\000D\000o\000c\000u\000m\000e\000n\000t\000a\000t\000i\000o\000n}{section.4.3}% 173
\BOOKMARK [3][-]{subsubsection.4.3.3.1}{\376\377\0004\000.\0003\000.\0003\000.\0001\000\040\000o\000b\000s\000w\000s\000\137\000d\000e\000b\000u\000g\000\137\000l\000e\000v\000e\000l\000\137\000t}{subsection.4.3.3}% 174
\BOOKMARK [3][-]{subsubsection.4.3.3.2}{\376\377\0004\000.\0003\000.\0003\000.\0002\000\040\000o\000b\000s\000w\000s\000\137\000e\000r\000r\000o\000r\000\137\000t}{subsection.4.3.3}% 175
\BOOKMARK [3][-]{subsubsection.4.3.3.3}{\376\377\0004\000.\0003\000.\0003\000.\0003\000\040\000o\000b\000s\000w\000s\000\137\000l\000o\000g\000\137\000l\000e\000v\000e\000l\000\137\000t}{subsection.4.3.3}% 176
\BOOKMARK [3][-]{subsubsection.4.3.3.4}{\376\377\0004\000.\0003\000.\0003\000.\0004\000\040\000o\000b\000s\000w\000s\000\137\000s\000t\000a\000t\000e\000\137\000t}{subsection.4.3.3}% 177
\BOOKMARK [2][-]{subsection.4.3.4}{\376\377\0004\000.\0003\000.\0004\000\040\000F\000u\000n\000c\000t\000i\000o\000n\000\040\000D\000o\000c\000u\000m\000e\000n\000t\000a\000t\000i\000o\000n}{section.4.3}% 178
\BOOKMARK [3][-]{subsubsection.4.3.4.1}{\376\377\0004\000.\0003\000.\0004\000.\0001\000\040\000o\000b\000s\000w\000s\000\137\000c\000l\000e\000a\000n\000u\000p\000\050\000\051}{subsection.4.3.4}% 179
\BOOKMARK [3][-]{subsubsection.4.3.4.2}{\376\377\0004\000.\0003\000.\0004\000.\0002\000\040\000o\000b\000s\000w\000s\000\137\000c\000o\000n\000f\000i\000g\000\137\000i\000n\000i\000t\000\050\000\051}{subsection.4.3.4}% 180
\BOOKMARK [3][-]{subsubsection.4.3.4.3}{\376\377\0004\000.\0003\000.\0004\000.\0003\000\040\000o\000b\000s\000w\000s\000\137\000c\000o\000n\000n\000e\000c\000t\000\050\000\051}{subsection.4.3.4}% 181
\BOOKMARK [3][-]{subsubsection.4.3.4.4}{\376\377\0004\000.\0003\000.\0004\000.\0004\000\040\000o\000b\000s\000w\000s\000\137\000d\000i\000s\000c\000o\000n\000n\000e\000c\000t\000\050\000\051}{subsection.4.3.4}% 182
\BOOKMARK [3][-]{subsubsection.4.3.4.5}{\376\377\0004\000.\0003\000.\0004\000.\0005\000\040\000o\000b\000s\000w\000s\000\137\000e\000r\000r\000o\000r\000\137\000s\000t\000r\000i\000n\000g\000\050\000\051}{subsection.4.3.4}% 183
\BOOKMARK [3][-]{subsubsection.4.3.4.6}{\376\377\0004\000.\0003\000.\0004\000.\0006\000\040\000o\000b\000s\000w\000s\000\137\000f\000r\000e\000e\000\137\000s\000c\000e\000n\000e\000\137\000l\000i\000s\000t\000\050\000\051}{subsection.4.3.4}% 184
\BOOKMARK [3][-]{subsubsection.4.3.4.7}{\376\377\0004\000.\0003\000.\0004\000.\0007\000\040\000o\000b\000s\000w\000s\000\137\000g\000e\000t\000\137\000c\000u\000r\000r\000e\000n\000t\000\137\000s\000c\000e\000n\000e\000\050\000\051}{subsection.4.3.4}% 185
\BOOKMARK [3][-]{subsubsection.4.3.4.8}{\376\377\0004\000.\0003\000.\0004\000.\0008\000\040\000o\000b\000s\000w\000s\000\137\000g\000e\000t\000\137\000d\000e\000b\000u\000g\000\137\000l\000e\000v\000e\000l\000\050\000\051}{subsection.4.3.4}% 186
\BOOKMARK [3][-]{subsubsection.4.3.4.9}{\376\377\0004\000.\0003\000.\0004\000.\0009\000\040\000o\000b\000s\000w\000s\000\137\000g\000e\000t\000\137\000r\000e\000c\000o\000r\000d\000i\000n\000g\000\137\000s\000t\000a\000t\000u\000s\000\050\000\051}{subsection.4.3.4}% 187
\BOOKMARK [3][-]{subsubsection.4.3.4.10}{\376\377\0004\000.\0003\000.\0004\000.\0001\0000\000\040\000o\000b\000s\000w\000s\000\137\000g\000e\000t\000\137\000s\000c\000e\000n\000e\000\137\000l\000i\000s\000t\000\050\000\051}{subsection.4.3.4}% 188
\BOOKMARK [3][-]{subsubsection.4.3.4.11}{\376\377\0004\000.\0003\000.\0004\000.\0001\0001\000\040\000o\000b\000s\000w\000s\000\137\000g\000e\000t\000\137\000s\000t\000a\000t\000e\000\050\000\051}{subsection.4.3.4}% 189
\BOOKMARK [3][-]{subsubsection.4.3.4.12}{\376\377\0004\000.\0003\000.\0004\000.\0001\0002\000\040\000o\000b\000s\000w\000s\000\137\000g\000e\000t\000\137\000s\000t\000a\000t\000s\000\050\000\051}{subsection.4.3.4}% 190
\BOOKMARK [3][-]{subsubsection.4.3.4.13}{\376\377\0004\000.\0003\000.\0004\000.\0001\0003\000\040\000o\000b\000s\000w\000s\000\137\000g\000e\000t\000\137\000s\000t\000r\000e\000a\000m\000i\000n\000g\000\137\000s\000t\000a\000t\000u\000s\000\050\000\051}{subsection.4.3.4}% 191
\BOOKMARK [3][-]{subsubsection.4.3.4.14}{\376\377\0004\000.\0003\000.\0004\000.\0001\0004\000\040\000o\000b\000s\000w\000s\000\137\000i\000n\000i\000t\000\050\000\051}{subsection.4.3.4}% 192
\BOOKMARK [3][-]{subsubsection.4.3.4.15}{\376\377\0004\000.\0003\000.\0004\000.\0001\0005\000\040\000o\000b\000s\000w\000s\000\137\000i\000s\000\137\000c\000o\000n\000n\000e\000c\000t\000e\000d\000\050\000\051}{subsection.4.3.4}% 193
\BOOKMARK [3][-]{subsubsection.4.3.4.16}{\376\377\0004\000.\0003\000.\0004\000.\0001\0006\000\040\000o\000b\000s\000w\000s\000\137\000p\000i\000n\000g\000\050\000\051}{subsection.4.3.4}% 194
\BOOKMARK [3][-]{subsubsection.4.3.4.17}{\376\377\0004\000.\0003\000.\0004\000.\0001\0007\000\040\000o\000b\000s\000w\000s\000\137\000p\000r\000o\000c\000e\000s\000s\000\137\000e\000v\000e\000n\000t\000s\000\050\000\051}{subsection.4.3.4}% 195
\BOOKMARK [3][-]{subsubsection.4.3.4.18}{\376\377\0004\000.\0003\000.\0004\000.\0001\0008\000\040\000o\000b\000s\000w\000s\000\137\000r\000e\000c\000o\000n\000n\000e\000c\000t\000\050\000\051}{subsection.4.3.4}% 196
\BOOKMARK [3][-]{subsubsection.4.3.4.19}{\376\377\0004\000.\0003\000.\0004\000.\0001\0009\000\040\000o\000b\000s\000w\000s\000\137\000r\000e\000s\000p\000o\000n\000s\000e\000\137\000f\000r\000e\000e\000\050\000\051}{subsection.4.3.4}% 197
\BOOKMARK [3][-]{subsubsection.4.3.4.20}{\376\377\0004\000.\0003\000.\0004\000.\0002\0000\000\040\000o\000b\000s\000w\000s\000\137\000s\000e\000n\000d\000\137\000r\000e\000q\000u\000e\000s\000t\000\050\000\051}{subsection.4.3.4}% 198
\BOOKMARK [3][-]{subsubsection.4.3.4.21}{\376\377\0004\000.\0003\000.\0004\000.\0002\0001\000\040\000o\000b\000s\000w\000s\000\137\000s\000e\000t\000\137\000c\000u\000r\000r\000e\000n\000t\000\137\000s\000c\000e\000n\000e\000\050\000\051}{subsection.4.3.4}% 199
\BOOKMARK [3][-]{subsubsection.4.3.4.22}{\376\377\0004\000.\0003\000.\0004\000.\0002\0002\000\040\000o\000b\000s\000w\000s\000\137\000s\000e\000t\000\137\000d\000e\000b\000u\000g\000\137\000l\000e\000v\000e\000l\000\050\000\051}{subsection.4.3.4}% 200
\BOOKMARK [3][-]{subsubsection.4.3.4.23}{\376\377\0004\000.\0003\000.\0004\000.\0002\0003\000\040\000o\000b\000s\000w\000s\000\137\000s\000e\000t\000\137\000l\000o\000g\000\137\000l\000e\000v\000e\000l\000\050\000\051}{subsection.4.3.4}% 201
\BOOKMARK [3][-]{subsubsection.4.3.4.24}{\376\377\0004\000.\0003\000.\0004\000.\0002\0004\000\040\000o\000b\000s\000w\000s\000\137\000s\000e\000t\000\137\000s\000c\000e\000n\000e\000\137\000c\000o\000l\000l\000e\000c\000t\000i\000o\000n\000\050\000\051}{subsection.4.3.4}% 202
\BOOKMARK [3][-]{subsubsection.4.3.4.25}{\376\377\0004\000.\0003\000.\0004\000.\0002\0005\000\040\000o\000b\000s\000w\000s\000\137\000s\000e\000t\000\137\000s\000o\000u\000r\000c\000e\000\137\000f\000i\000l\000t\000e\000r\000\137\000e\000n\000a\000b\000l\000e\000d\000\050\000\051}{subsection.4.3.4}% 203
\BOOKMARK [3][-]{subsubsection.4.3.4.26}{\376\377\0004\000.\0003\000.\0004\000.\0002\0006\000\040\000o\000b\000s\000w\000s\000\137\000s\000e\000t\000\137\000s\000o\000u\000r\000c\000e\000\137\000v\000i\000s\000i\000b\000i\000l\000i\000t\000y\000\050\000\051}{subsection.4.3.4}% 204
\BOOKMARK [3][-]{subsubsection.4.3.4.27}{\376\377\0004\000.\0003\000.\0004\000.\0002\0007\000\040\000o\000b\000s\000w\000s\000\137\000s\000t\000a\000r\000t\000\137\000r\000e\000c\000o\000r\000d\000i\000n\000g\000\050\000\051}{subsection.4.3.4}% 205
\BOOKMARK [3][-]{subsubsection.4.3.4.28}{\376\377\0004\000.\0003\000.\0004\000.\0002\0008\000\040\000o\000b\000s\000w\000s\000\137\000s\000t\000a\000r\000t\000\137\000s\000t\000r\000e\000a\000m\000i\000n\000g\000\050\000\051}{subsection.4.3.4}% 206
\BOOKMARK [3][-]{subsubsection.4.3.4.29}{\376\377\0004\000.\0003\000.\0004\000.\0002\0009\000\040\000o\000b\000s\000w\000s\000\137\000s\000t\000a\000t\000e\000\137\000s\000t\000r\000i\000n\000g\000\050\000\051}{subsection.4.3.4}% 207
\BOOKMARK [3][-]{subsubsection.4.3.4.30}{\376\377\0004\000.\0003\000.\0004\000.\0003\0000\000\040\000o\000b\000s\000w\000s\000\137\000s\000t\000o\000p\000\137\000r\000e\000c\000o\000r\000d\000i\000n\000g\000\050\000\051}{subsection.4.3.4}% 208
\BOOKMARK [3][-]{subsubsection.4.3.4.31}{\376\377\0004\000.\0003\000.\0004\000.\0003\0001\000\040\000o\000b\000s\000w\000s\000\137\000s\000t\000o\000p\000\137\000s\000t\000r\000e\000a\000m\000i\000n\000g\000\050\000\051}{subsection.4.3.4}% 209
\BOOKMARK [3][-]{subsubsection.4.3.4.32}{\376\377\0004\000.\0003\000.\0004\000.\0003\0002\000\040\000o\000b\000s\000w\000s\000\137\000v\000e\000r\000s\000i\000o\000n\000\050\000\051}{subsection.4.3.4}% 210
\BOOKMARK [1][-]{section.4.4}{\376\377\0004\000.\0004\000\040\000l\000i\000b\000r\000a\000r\000y\000.\000h}{chapter.4}% 211
\BOOKMARK [0][-]{chapter.5}{\376\377\0005\000\040\000E\000x\000a\000m\000p\000l\000e\000\040\000D\000o\000c\000u\000m\000e\000n\000t\000a\000t\000i\000o\000n}{}% 212
\BOOKMARK [1][-]{section.5.1}{\376\377\0005\000.\0001\000\040\000P\000a\000r\000s\000i\000n\000g}{chapter.5}% 213
\BOOKMARK [1][-]{section.5.2}{\376\377\0005\000.\0002\000\040\000U\000s\000a\000g\000e}{chapter.5}% 214
\BOOKMARK [1][-]{section.5.3}{\376\377\0005\000.\0003\000\040\000S\000w\000i\000t\000c\000h\000i\000n\000g}{chapter.5}% 215
\BOOKMARK [1][-]{section.5.4}{\376\377\0005\000.\0004\000\040\000G\000e\000t\000t\000i\000n\000g}{chapter.5}% 216
\BOOKMARK [1][-]{section.5.5}{\376\377\0005\000.\0005\000\040\000S\000t\000a\000r\000t\000i\000n\000g}{chapter.5}% 217
\BOOKMARK [1][-]{section.5.6}{\376\377\0005\000.\0006\000\040\000C\000h\000e\000c\000k\000i\000n\000g}{chapter.5}% 218
\BOOKMARK [1][-]{section.5.7}{\376\377\0005\000.\0007\000\040\000H\000i\000d\000i\000n\000g}{chapter.5}% 219
\BOOKMARK [1][-]{section.5.8}{\376\377\0005\000.\0008\000\040\000D\000i\000s\000a\000b\000l\000i\000n\000g}{chapter.5}% 220
\BOOKMARK [1][-]{section.5.9}{\376\377\0005\000.\0009\000\040\000S\000e\000t\000t\000i\000n\000g}{chapter.5}% 221
\BOOKMARK [1][-]{section.5.10}{\376\377\0005\000.\0001\0000\000\040\000L\000o\000g\000g\000i\000n\000g}{chapter.5}% 222
\BOOKMARK [1][-]{section.5.11}{\376\377\0005\000.\0001\0001\000\040\000D\000i\000s\000p\000l\000a\000y\000i\000n\000g}{chapter.5}% 223
\BOOKMARK [1][-]{section.5.12}{\376\377\0005\000.\0001\0002\000\040\000U\000s\000i\000n\000g}{chapter.5}% 224
